<?xml version="1.0" encoding="UTF-8"?>
<testng-results skipped="0" failed="0" total="1" passed="1">
  <reporter-output>
  </reporter-output>
  <suite name="Default suite" duration-ms="653" started-at="2024-06-28T06:24:23Z" finished-at="2024-06-28T06:24:23Z">
    <groups>
    </groups>
    <test name="Default test" duration-ms="653" started-at="2024-06-28T06:24:23Z" finished-at="2024-06-28T06:24:23Z">
      <class name="package1.SimpleJsonpathReading">
        <test-method status="PASS" signature="readjsonpath()[pri:0, instance:package1.SimpleJsonpathReading@45c8e616]" name="readjsonpath" duration-ms="653" started-at="2024-06-28T11:54:23Z" finished-at="2024-06-28T11:54:23Z">
          <reporter-output>
          </reporter-output>
        </test-method> <!-- readjsonpath -->
      </class> <!-- package1.SimpleJsonpathReading -->
    </test> <!-- Default test -->
  </suite> <!-- Default suite -->
</testng-results>
