<?xml version="1.0" encoding="UTF-8"?>
<testng-results skipped="0" failed="0" total="1" passed="1">
  <reporter-output>
  </reporter-output>
  <suite name="Default suite" duration-ms="4864" started-at="2024-05-30T10:13:08Z" finished-at="2024-05-30T10:13:12Z">
    <groups>
    </groups>
    <test name="Default test" duration-ms="4864" started-at="2024-05-30T10:13:08Z" finished-at="2024-05-30T10:13:12Z">
      <class name="basic_Code_Practice.Get_Method_allids">
        <test-method status="PASS" signature="GetCall()[pri:0, instance:basic_Code_Practice.Get_Method_allids@45c8e616]" name="GetCall" duration-ms="4848" started-at="2024-05-30T15:43:08Z" finished-at="2024-05-30T15:43:12Z">
          <reporter-output>
          </reporter-output>
        </test-method> <!-- GetCall -->
      </class> <!-- basic_Code_Practice.Get_Method_allids -->
    </test> <!-- Default test -->
  </suite> <!-- Default suite -->
</testng-results>
