<?xml version="1.0" encoding="UTF-8"?>
<testng-results skipped="0" failed="0" total="1" passed="1">
  <reporter-output>
  </reporter-output>
  <suite name="Default suite" duration-ms="16" started-at="2024-04-22T04:15:44Z" finished-at="2024-04-22T04:15:44Z">
    <groups>
    </groups>
    <test name="Default test" duration-ms="16" started-at="2024-04-22T04:15:44Z" finished-at="2024-04-22T04:15:44Z">
      <class name="textBox_sendingData.Textbox">
        <test-method status="PASS" signature="inputdataTo_textBox()[pri:0, instance:textBox_sendingData.Textbox@17550481]" name="inputdataTo_textBox" duration-ms="0" started-at="2024-04-22T09:45:44Z" finished-at="2024-04-22T09:45:44Z">
          <reporter-output>
          </reporter-output>
        </test-method> <!-- inputdataTo_textBox -->
      </class> <!-- textBox_sendingData.Textbox -->
    </test> <!-- Default test -->
  </suite> <!-- Default suite -->
</testng-results>
