<?xml version="1.0" encoding="UTF-8"?>
<testng-results skipped="0" failed="0" total="1" passed="1">
  <reporter-output>
  </reporter-output>
  <suite name="Default suite" duration-ms="34380" started-at="2024-06-12T08:17:58Z" finished-at="2024-06-12T08:18:32Z">
    <groups>
    </groups>
    <test name="Default test" duration-ms="34380" started-at="2024-06-12T08:17:58Z" finished-at="2024-06-12T08:18:32Z">
      <class name="window_and_Tab_Handling.Tab_Handling">
        <test-method status="PASS" signature="tab_handling()[pri:0, instance:window_and_Tab_Handling.Tab_Handling@79b4d0f]" name="tab_handling" duration-ms="34367" started-at="2024-06-12T13:47:58Z" finished-at="2024-06-12T13:48:32Z">
          <reporter-output>
          </reporter-output>
        </test-method> <!-- tab_handling -->
      </class> <!-- window_and_Tab_Handling.Tab_Handling -->
    </test> <!-- Default test -->
  </suite> <!-- Default suite -->
</testng-results>
