<?xml version="1.0" encoding="UTF-8"?>
<testng-results skipped="0" failed="1" total="2" passed="1">
  <reporter-output>
  </reporter-output>
  <suite name="Default suite" duration-ms="5040" started-at="2024-05-21T10:05:49Z" finished-at="2024-05-21T10:05:54Z">
    <groups>
    </groups>
    <test name="Default test" duration-ms="5040" started-at="2024-05-21T10:05:49Z" finished-at="2024-05-21T10:05:54Z">
      <class name="attributes_Examples.Timeout_Attribute">
        <test-method status="FAIL" signature="timeoutMethod()[pri:0, instance:attributes_Examples.Timeout_Attribute@59a6e353]" name="timeoutMethod" duration-ms="5026" started-at="2024-05-21T15:35:49Z" finished-at="2024-05-21T15:35:54Z">
          <exception class="org.testng.internal.thread.ThreadTimeoutException">
            <message>
              <![CDATA[Method org.testng.internal.TestNGMethod.timeoutMethod() didn't finish within the time-out 5000]]>
            </message>
            <full-stacktrace>
              <![CDATA[org.testng.internal.thread.ThreadTimeoutException: Method org.testng.internal.TestNGMethod.timeoutMethod() didn't finish within the time-out 5000
	at sun.misc.Unsafe.putOrderedInt(Native Method)
	at java.util.concurrent.FutureTask.setException(Unknown Source)
	at java.util.concurrent.FutureTask.run(Unknown Source)
	at java.util.concurrent.ThreadPoolExecutor.runWorker(Unknown Source)
	at java.util.concurrent.ThreadPoolExecutor$Worker.run(Unknown Source)
	at java.lang.Thread.run(Unknown Source)
]]>
            </full-stacktrace>
          </exception> <!-- org.testng.internal.thread.ThreadTimeoutException -->
          <reporter-output>
          </reporter-output>
        </test-method> <!-- timeoutMethod -->
        <test-method status="PASS" signature="withoutTimeout()[pri:0, instance:attributes_Examples.Timeout_Attribute@59a6e353]" name="withoutTimeout" duration-ms="0" started-at="2024-05-21T15:35:54Z" finished-at="2024-05-21T15:35:54Z">
          <reporter-output>
          </reporter-output>
        </test-method> <!-- withoutTimeout -->
      </class> <!-- attributes_Examples.Timeout_Attribute -->
    </test> <!-- Default test -->
  </suite> <!-- Default suite -->
</testng-results>
